Determining if the pthread_create exist failed with the following output:
Change Dir: /tmp/tmp.8a1X64Q1z0/cmake-build-debug/CMakeFiles/CMakeTmp

Run Build Command:"/usr/bin/make" "cmTC_8e26d/fast"
/usr/bin/make -f CMakeFiles/cmTC_8e26d.dir/build.make CMakeFiles/cmTC_8e26d.dir/build
make[1]: Entering directory '/tmp/tmp.8a1X64Q1z0/cmake-build-debug/CMakeFiles/CMakeTmp'
Building C object CMakeFiles/cmTC_8e26d.dir/CheckSymbolExists.c.o
/usr/bin/cc    -o CMakeFiles/cmTC_8e26d.dir/CheckSymbolExists.c.o   -c /tmp/tmp.8a1X64Q1z0/cmake-build-debug/CMakeFiles/CMakeTmp/CheckSymbolExists.c
Linking C executable cmTC_8e26d
/usr/bin/cmake -E cmake_link_script CMakeFiles/cmTC_8e26d.dir/link.txt --verbose=1
/usr/bin/cc      -rdynamic CMakeFiles/cmTC_8e26d.dir/CheckSymbolExists.c.o  -o cmTC_8e26d 
CMakeFiles/cmTC_8e26d.dir/CheckSymbolExists.c.o: In function `main':
CheckSymbolExists.c:(.text+0x14): undefined reference to `pthread_create'
CheckSymbolExists.c:(.text+0x18): undefined reference to `pthread_create'
collect2: error: ld returned 1 exit status
CMakeFiles/cmTC_8e26d.dir/build.make:97: recipe for target 'cmTC_8e26d' failed
make[1]: *** [cmTC_8e26d] Error 1
make[1]: Leaving directory '/tmp/tmp.8a1X64Q1z0/cmake-build-debug/CMakeFiles/CMakeTmp'
Makefile:126: recipe for target 'cmTC_8e26d/fast' failed
make: *** [cmTC_8e26d/fast] Error 2

File /tmp/tmp.8a1X64Q1z0/cmake-build-debug/CMakeFiles/CMakeTmp/CheckSymbolExists.c:
/* */
#include <pthread.h>

int main(int argc, char** argv)
{
  (void)argv;
#ifndef pthread_create
  return ((int*)(&pthread_create))[argc];
#else
  (void)argc;
  return 0;
#endif
}

Determining if the function pthread_create exists in the pthreads failed with the following output:
Change Dir: /tmp/tmp.8a1X64Q1z0/cmake-build-debug/CMakeFiles/CMakeTmp

Run Build Command:"/usr/bin/make" "cmTC_fb7af/fast"
/usr/bin/make -f CMakeFiles/cmTC_fb7af.dir/build.make CMakeFiles/cmTC_fb7af.dir/build
make[1]: Entering directory '/tmp/tmp.8a1X64Q1z0/cmake-build-debug/CMakeFiles/CMakeTmp'
Building C object CMakeFiles/cmTC_fb7af.dir/CheckFunctionExists.c.o
/usr/bin/cc   -DCHECK_FUNCTION_EXISTS=pthread_create   -o CMakeFiles/cmTC_fb7af.dir/CheckFunctionExists.c.o   -c /usr/share/cmake-3.10/Modules/CheckFunctionExists.c
Linking C executable cmTC_fb7af
/usr/bin/cmake -E cmake_link_script CMakeFiles/cmTC_fb7af.dir/link.txt --verbose=1
/usr/bin/cc  -DCHECK_FUNCTION_EXISTS=pthread_create    -rdynamic CMakeFiles/cmTC_fb7af.dir/CheckFunctionExists.c.o  -o cmTC_fb7af -lpthreads 
/usr/bin/ld: cannot find -lpthreads
collect2: error: ld returned 1 exit status
CMakeFiles/cmTC_fb7af.dir/build.make:97: recipe for target 'cmTC_fb7af' failed
make[1]: *** [cmTC_fb7af] Error 1
make[1]: Leaving directory '/tmp/tmp.8a1X64Q1z0/cmake-build-debug/CMakeFiles/CMakeTmp'
Makefile:126: recipe for target 'cmTC_fb7af/fast' failed
make: *** [cmTC_fb7af/fast] Error 2


